
2 7 3 7
3 7 3 1
3 1 6 1
6 1 6 2
6 2 4 2
4 2 4 4
4 4 6 4
6 4 6 5
6 5 4 5
4 5 4 7
4 7 7 7
7 7 7 1
7 1 10 1
10 1 10 2
10 2 8 2
8 2 8 4
8 4 10 4
10 4 10 5
10 5 8 5
8 5 8 7
8 7 11 7
11 7 11 9
11 9 10 9
10 9 10 8
10 8 1 8
1 8 1 1
1 1 2 1
2 1 2 7

2 7 3 7
3 7 3 1
3 1 6 1
6 1 6 2
6 2 4 2
4 2 4 4
4 4 6 4
6 4 6 5
6 5 4 5
4 5 4 7
4 7 7 7
7 7 7 1
7 1 10 1
10 1 10 2
10 2 8 2
8 2 8 4
8 4 10 4
10 4 10 5
10 5 8 5
8 5 8 7
8 7 11 7
10 8 1 8
1 8 1 1
1 1 2 1
2 1 2 7
11 15 12 15
12 15 12 9
12 9 15 9
15 9 15 10
15 10 13 10
13 10 13 12
13 12 15 12
15 12 15 13
15 13 13 13
13 13 13 15
13 15 16 15
16 15 16 9
16 9 19 9
19 9 19 10
19 10 17 10
17 10 17 12
17 12 19 12
19 12 19 13
19 13 17 13
17 13 17 15
17 15 20 15
20 15 20 17
20 17 19 17
19 17 19 16
19 16 10 16
11 7 11 15
10 8 10 16
1 1 1 1

2 7 3 7
3 7 3 1
3 1 6 1
6 1 6 2
6 2 4 2
4 2 4 4
4 4 6 4
6 4 6 5
6 5 4 5
4 5 4 7
4 7 7 7
7 7 7 1
7 1 10 1
10 1 10 2
10 2 8 2
8 2 8 4
8 4 10 4
10 4 10 5
10 5 8 5
8 5 8 7
8 7 11 7
10 8 1 8
1 8 1 1
1 1 2 1
2 1 2 7
11 15 12 15
12 15 12 9
12 9 15 9
15 9 15 10
15 10 13 10
13 10 13 12
13 12 15 12
15 12 15 13
15 13 13 13
13 13 13 15
13 15 16 15
16 15 16 9
16 9 19 9
19 9 19 10
19 10 17 10
17 10 17 12
17 12 19 12
19 12 19 13
19 13 17 13
17 13 17 15
17 15 20 15
19 16 10 16
11 7 11 15
10 8 10 16
1 1 1 1
20 23 21 23
21 23 21 17
21 17 24 17
24 17 24 18
24 18 22 18
22 18 22 20
22 20 24 20
24 20 24 21
24 21 22 21
22 21 22 23
22 23 25 23
25 23 25 17
25 17 28 17
28 17 28 18
28 18 26 18
26 18 26 20
26 20 28 20
28 20 28 21
28 21 26 21
26 21 26 23
26 23 29 23
29 23 29 25
29 25 28 25
28 25 28 24
28 24 19 24
20 15 20 23
19 16 19 24
1 1 1 1

